<?xml version="1.0" encoding="UTF-8"?>
<!-- Generated by org.testng.reporters.JUnitXMLReporter -->
<testsuite hostname="MIS" ignored="2" name="Default test(failed)" tests="1" failures="1" timestamp="05 May 2017 16:12:14 GMT" time="0.062" errors="0">
  <testcase name="testHomeToLoginandLogout" time="0.021" classname="Automation.Project.App">
    <failure type="java.lang.NullPointerException">
      <![CDATA[java.lang.NullPointerException
	at Automation.Project.App.testHomeToLoginandLogout(App.java:107)
... Removed 25 stack frames]]>
    </failure>
  </testcase> <!-- testHomeToLoginandLogout -->
  <testcase name="testHomeNewsletter" time="0.0" classname="Automation.Project.App">
    <ignored/>
  </testcase> <!-- testHomeNewsletter -->
  <testcase name="testHomeToContact" time="0.0" classname="Automation.Project.App">
    <ignored/>
  </testcase> <!-- testHomeToContact -->
</testsuite> <!-- Default test(failed) -->
